<?xml version="1.0" encoding="UTF-8"?>
<!-- Generated by org.testng.reporters.JUnitReportReporter -->
<testsuite hostname="DESKTOP-58O3UPD" failures="0" tests="1" name="com.Ecommerce.SkillRray.testScripts.TakingCourses" time="15.786" errors="0" timestamp="05 Feb 2021 20:41:01 GMT" skipped="0">
  <testcase classname="com.Ecommerce.SkillRray.testScripts.TakingCourses" name="course" time="15.786"/>
</testsuite> <!-- com.Ecommerce.SkillRray.testScripts.TakingCourses -->
